[2024-01-14T14:33:22.682+0000] {taskinstance.py:1083} INFO - Dependencies all met for <TaskInstance: jobinfo_jobplanet.jobplanet_login manual__2024-01-14T14:33:17.258216+00:00 [queued]>
[2024-01-14T14:33:22.690+0000] {taskinstance.py:1083} INFO - Dependencies all met for <TaskInstance: jobinfo_jobplanet.jobplanet_login manual__2024-01-14T14:33:17.258216+00:00 [queued]>
[2024-01-14T14:33:22.690+0000] {taskinstance.py:1279} INFO - 
--------------------------------------------------------------------------------
[2024-01-14T14:33:22.690+0000] {taskinstance.py:1280} INFO - Starting attempt 1 of 1
[2024-01-14T14:33:22.691+0000] {taskinstance.py:1281} INFO - 
--------------------------------------------------------------------------------
[2024-01-14T14:33:22.706+0000] {taskinstance.py:1300} INFO - Executing <Task(PythonOperator): jobplanet_login> on 2024-01-14 14:33:17.258216+00:00
[2024-01-14T14:33:22.717+0000] {standard_task_runner.py:55} INFO - Started process 3413 to run task
[2024-01-14T14:33:22.719+0000] {standard_task_runner.py:82} INFO - Running: ['***', 'tasks', 'run', 'jobinfo_jobplanet', 'jobplanet_login', 'manual__2024-01-14T14:33:17.258216+00:00', '--job-id', '516', '--raw', '--subdir', 'DAGS_FOLDER/jobinfo_jobplanet.py', '--cfg-path', '/tmp/tmp4ceia2vt']
[2024-01-14T14:33:22.720+0000] {standard_task_runner.py:83} INFO - Job 516: Subtask jobplanet_login
[2024-01-14T14:33:22.775+0000] {task_command.py:388} INFO - Running <TaskInstance: jobinfo_jobplanet.jobplanet_login manual__2024-01-14T14:33:17.258216+00:00 [running]> on host 565f6bcc10b6
[2024-01-14T14:33:22.848+0000] {taskinstance.py:1509} INFO - Exporting the following env vars:
AIRFLOW_CTX_DAG_OWNER=***
AIRFLOW_CTX_DAG_ID=jobinfo_jobplanet
AIRFLOW_CTX_TASK_ID=jobplanet_login
AIRFLOW_CTX_EXECUTION_DATE=2024-01-14T14:33:17.258216+00:00
AIRFLOW_CTX_TRY_NUMBER=1
AIRFLOW_CTX_DAG_RUN_ID=manual__2024-01-14T14:33:17.258216+00:00
[2024-01-14T14:33:25.657+0000] {jobinfo_jobplanet.py:76} INFO - *********************************
[2024-01-14T14:33:25.714+0000] {jobinfo_jobplanet.py:82} INFO - 12212121313442342354534634534534534534523423443423
[2024-01-14T14:33:25.714+0000] {jobinfo_jobplanet.py:83} INFO - <selenium.webdriver.remote.webdriver.WebDriver (session="4ac275a7fac87896e70aecd456a69e74")>
[2024-01-14T14:33:25.902+0000] {jobinfo_jobplanet.py:86} INFO - 890u8987978078978978079078097807897809789789789789789797
[2024-01-14T14:33:27.136+0000] {jobinfo_jobplanet.py:89} INFO - ^^^^^^^^^^^^^^^^^^^^^^^^^^^^^^^^^^^^^^^^^^^^^^^^^^^^^^^^^^^^^^^^^^^^^^^^^^^^^^^^^^^^^^
[2024-01-14T14:33:28.285+0000] {jobinfo_jobplanet.py:100} INFO - 3333333333333333333333333
[2024-01-14T14:33:28.415+0000] {jobinfo_jobplanet.py:106} INFO - 4444444444444444444444444444
[2024-01-14T14:33:28.421+0000] {jobinfo_jobplanet.py:108} INFO - ['오케스트로', '오케스트로', '제니스앤컴퍼니', '제니스앤컴퍼니', '제니스앤컴퍼니', '메이븐클라우드서비스', '엠아이티', '엠아이티', '스윗코리아', '스윗코리아', '파킹클라우드', '오케스트로', '오케스트로', '오케스트로', '오케스트로', '오케스트로', '월급쟁이부자들', '월급쟁이부자들', '로민', '블랙탠저린', '파인더스', '론픽', '비포플레이', '롯데헬스케어', '롯데헬스케어', '올라운드닥터스', '와디즈', '크리에이트립', '데브툴즈', '티니어', '키다리스튜디오', '마크클라우드']
[2024-01-14T14:33:28.422+0000] {jobinfo_jobplanet.py:109} INFO - ['path/in/s3/bucket/jobinfo_jumpit.csv', 'path/in/s3/bucket/jobinfo_jumpit_v2.csv', 'path/in/s3/bucket/review_information_데브툴즈.csv', 'path/in/s3/bucket/review_information_로민.csv', 'path/in/s3/bucket/review_information_롯데헬스케어.csv', 'path/in/s3/bucket/review_information_마크클라우드.csv', 'path/in/s3/bucket/review_information_메이븐클라우드서비스.csv', 'path/in/s3/bucket/review_information_블랙탠저린.csv', 'path/in/s3/bucket/review_information_비포플레이.csv', 'path/in/s3/bucket/review_information_스윗코리아.csv', 'path/in/s3/bucket/review_information_엠아이티.csv', 'path/in/s3/bucket/review_information_오케스트로.csv', 'path/in/s3/bucket/review_information_월급쟁이부자들.csv', 'path/in/s3/bucket/review_information_제니스앤컴퍼니.csv', 'path/in/s3/bucket/review_information_크리에이트립.csv', 'path/in/s3/bucket/review_information_키다리스튜디오.csv', 'path/in/s3/bucket/review_information_티니어.csv', 'path/in/s3/bucket/review_information_파인더스.csv', 'path/in/s3/bucket/review_information_파킹클라우드.csv', 'path/in/s3/bucket/summary.csv']
[2024-01-14T14:33:28.422+0000] {jobinfo_jobplanet.py:110} INFO - 시작
[2024-01-14T14:33:28.422+0000] {jobinfo_jobplanet.py:114} INFO - 오케스트로 있음
[2024-01-14T14:33:28.422+0000] {jobinfo_jobplanet.py:114} INFO - 오케스트로 있음
[2024-01-14T14:33:28.422+0000] {jobinfo_jobplanet.py:114} INFO - 제니스앤컴퍼니 있음
[2024-01-14T14:33:28.422+0000] {jobinfo_jobplanet.py:114} INFO - 제니스앤컴퍼니 있음
[2024-01-14T14:33:28.422+0000] {jobinfo_jobplanet.py:114} INFO - 제니스앤컴퍼니 있음
[2024-01-14T14:33:28.422+0000] {jobinfo_jobplanet.py:114} INFO - 메이븐클라우드서비스 있음
[2024-01-14T14:33:28.422+0000] {jobinfo_jobplanet.py:114} INFO - 엠아이티 있음
[2024-01-14T14:33:28.422+0000] {jobinfo_jobplanet.py:114} INFO - 엠아이티 있음
[2024-01-14T14:33:28.422+0000] {jobinfo_jobplanet.py:114} INFO - 스윗코리아 있음
[2024-01-14T14:33:28.423+0000] {jobinfo_jobplanet.py:114} INFO - 스윗코리아 있음
[2024-01-14T14:33:28.423+0000] {jobinfo_jobplanet.py:114} INFO - 파킹클라우드 있음
[2024-01-14T14:33:28.423+0000] {jobinfo_jobplanet.py:114} INFO - 오케스트로 있음
[2024-01-14T14:33:28.423+0000] {jobinfo_jobplanet.py:114} INFO - 오케스트로 있음
[2024-01-14T14:33:28.423+0000] {jobinfo_jobplanet.py:114} INFO - 오케스트로 있음
[2024-01-14T14:33:28.423+0000] {jobinfo_jobplanet.py:114} INFO - 오케스트로 있음
[2024-01-14T14:33:28.423+0000] {jobinfo_jobplanet.py:114} INFO - 오케스트로 있음
[2024-01-14T14:33:28.423+0000] {jobinfo_jobplanet.py:114} INFO - 월급쟁이부자들 있음
[2024-01-14T14:33:28.423+0000] {jobinfo_jobplanet.py:114} INFO - 월급쟁이부자들 있음
[2024-01-14T14:33:28.423+0000] {jobinfo_jobplanet.py:114} INFO - 로민 있음
[2024-01-14T14:33:28.423+0000] {jobinfo_jobplanet.py:114} INFO - 블랙탠저린 있음
[2024-01-14T14:33:28.423+0000] {jobinfo_jobplanet.py:114} INFO - 파인더스 있음
[2024-01-14T14:33:32.015+0000] {jobinfo_jobplanet.py:121} INFO - 론픽 파일이 없음
[2024-01-14T14:33:32.605+0000] {jobinfo_jobplanet.py:125} INFO - 론픽 검색을 위해 검색창에 입력했습니다.
[2024-01-14T14:33:35.476+0000] {jobinfo_jobplanet.py:128} INFO - 론픽 검색하기
[2024-01-14T14:33:37.515+0000] {jobinfo_jobplanet.py:139} INFO - 론픽의 정보는 없어서 파일 생성을 못한다.
[2024-01-14T14:33:37.515+0000] {jobinfo_jobplanet.py:140} INFO - ['path/in/s3/bucket/jobinfo_jumpit.csv', 'path/in/s3/bucket/jobinfo_jumpit_v2.csv', 'path/in/s3/bucket/review_information_데브툴즈.csv', 'path/in/s3/bucket/review_information_로민.csv', 'path/in/s3/bucket/review_information_롯데헬스케어.csv', 'path/in/s3/bucket/review_information_마크클라우드.csv', 'path/in/s3/bucket/review_information_메이븐클라우드서비스.csv', 'path/in/s3/bucket/review_information_블랙탠저린.csv', 'path/in/s3/bucket/review_information_비포플레이.csv', 'path/in/s3/bucket/review_information_스윗코리아.csv', 'path/in/s3/bucket/review_information_엠아이티.csv', 'path/in/s3/bucket/review_information_오케스트로.csv', 'path/in/s3/bucket/review_information_월급쟁이부자들.csv', 'path/in/s3/bucket/review_information_제니스앤컴퍼니.csv', 'path/in/s3/bucket/review_information_크리에이트립.csv', 'path/in/s3/bucket/review_information_키다리스튜디오.csv', 'path/in/s3/bucket/review_information_티니어.csv', 'path/in/s3/bucket/review_information_파인더스.csv', 'path/in/s3/bucket/review_information_파킹클라우드.csv', 'path/in/s3/bucket/summary.csv']
[2024-01-14T14:33:37.515+0000] {jobinfo_jobplanet.py:114} INFO - 비포플레이 있음
[2024-01-14T14:33:37.516+0000] {jobinfo_jobplanet.py:114} INFO - 롯데헬스케어 있음
[2024-01-14T14:33:37.516+0000] {jobinfo_jobplanet.py:114} INFO - 롯데헬스케어 있음
[2024-01-14T14:33:37.524+0000] {jobinfo_jobplanet.py:121} INFO - 올라운드닥터스 파일이 없음
[2024-01-14T14:33:37.947+0000] {jobinfo_jobplanet.py:125} INFO - 올라운드닥터스 검색을 위해 검색창에 입력했습니다.
[2024-01-14T14:33:41.912+0000] {jobinfo_jobplanet.py:128} INFO - 올라운드닥터스 검색하기
[2024-01-14T14:33:43.967+0000] {jobinfo_jobplanet.py:139} INFO - 올라운드닥터스의 정보는 없어서 파일 생성을 못한다.
[2024-01-14T14:33:43.967+0000] {jobinfo_jobplanet.py:140} INFO - ['path/in/s3/bucket/jobinfo_jumpit.csv', 'path/in/s3/bucket/jobinfo_jumpit_v2.csv', 'path/in/s3/bucket/review_information_데브툴즈.csv', 'path/in/s3/bucket/review_information_로민.csv', 'path/in/s3/bucket/review_information_롯데헬스케어.csv', 'path/in/s3/bucket/review_information_마크클라우드.csv', 'path/in/s3/bucket/review_information_메이븐클라우드서비스.csv', 'path/in/s3/bucket/review_information_블랙탠저린.csv', 'path/in/s3/bucket/review_information_비포플레이.csv', 'path/in/s3/bucket/review_information_스윗코리아.csv', 'path/in/s3/bucket/review_information_엠아이티.csv', 'path/in/s3/bucket/review_information_오케스트로.csv', 'path/in/s3/bucket/review_information_월급쟁이부자들.csv', 'path/in/s3/bucket/review_information_제니스앤컴퍼니.csv', 'path/in/s3/bucket/review_information_크리에이트립.csv', 'path/in/s3/bucket/review_information_키다리스튜디오.csv', 'path/in/s3/bucket/review_information_티니어.csv', 'path/in/s3/bucket/review_information_파인더스.csv', 'path/in/s3/bucket/review_information_파킹클라우드.csv', 'path/in/s3/bucket/summary.csv']
[2024-01-14T14:33:43.978+0000] {jobinfo_jobplanet.py:121} INFO - 와디즈 파일이 없음
[2024-01-14T14:33:44.441+0000] {jobinfo_jobplanet.py:125} INFO - 와디즈 검색을 위해 검색창에 입력했습니다.
[2024-01-14T14:33:47.558+0000] {jobinfo_jobplanet.py:128} INFO - 와디즈 검색하기
[2024-01-14T14:33:49.620+0000] {jobinfo_jobplanet.py:139} INFO - 와디즈의 정보는 없어서 파일 생성을 못한다.
[2024-01-14T14:33:49.621+0000] {jobinfo_jobplanet.py:140} INFO - ['path/in/s3/bucket/jobinfo_jumpit.csv', 'path/in/s3/bucket/jobinfo_jumpit_v2.csv', 'path/in/s3/bucket/review_information_데브툴즈.csv', 'path/in/s3/bucket/review_information_로민.csv', 'path/in/s3/bucket/review_information_롯데헬스케어.csv', 'path/in/s3/bucket/review_information_마크클라우드.csv', 'path/in/s3/bucket/review_information_메이븐클라우드서비스.csv', 'path/in/s3/bucket/review_information_블랙탠저린.csv', 'path/in/s3/bucket/review_information_비포플레이.csv', 'path/in/s3/bucket/review_information_스윗코리아.csv', 'path/in/s3/bucket/review_information_엠아이티.csv', 'path/in/s3/bucket/review_information_오케스트로.csv', 'path/in/s3/bucket/review_information_월급쟁이부자들.csv', 'path/in/s3/bucket/review_information_제니스앤컴퍼니.csv', 'path/in/s3/bucket/review_information_크리에이트립.csv', 'path/in/s3/bucket/review_information_키다리스튜디오.csv', 'path/in/s3/bucket/review_information_티니어.csv', 'path/in/s3/bucket/review_information_파인더스.csv', 'path/in/s3/bucket/review_information_파킹클라우드.csv', 'path/in/s3/bucket/summary.csv']
[2024-01-14T14:33:49.621+0000] {jobinfo_jobplanet.py:114} INFO - 크리에이트립 있음
[2024-01-14T14:33:49.621+0000] {jobinfo_jobplanet.py:114} INFO - 데브툴즈 있음
[2024-01-14T14:33:49.621+0000] {jobinfo_jobplanet.py:114} INFO - 티니어 있음
[2024-01-14T14:33:49.621+0000] {jobinfo_jobplanet.py:114} INFO - 키다리스튜디오 있음
[2024-01-14T14:33:49.621+0000] {jobinfo_jobplanet.py:114} INFO - 마크클라우드 있음
[2024-01-14T14:33:49.633+0000] {base.py:73} INFO - Using connection ID 's3_conn' for task execution.
[2024-01-14T14:38:49.799+0000] {taskinstance.py:1768} ERROR - Task failed with exception
Traceback (most recent call last):
  File "/opt/airflow/dags/jobinfo_jobplanet.py", line 182, in jobplanet_login
    driver = jobplanet_login()
  File "/opt/airflow/dags/jobinfo_jobplanet.py", line 73, in jobplanet_login
    with webdriver.Remote(f'{remote_webdriver}:4444/wd/hub', options=options) as driver:
  File "/home/airflow/.local/lib/python3.7/site-packages/selenium/webdriver/remote/webdriver.py", line 206, in __init__
    self.start_session(capabilities)
  File "/home/airflow/.local/lib/python3.7/site-packages/selenium/webdriver/remote/webdriver.py", line 290, in start_session
    response = self.execute(Command.NEW_SESSION, caps)["value"]
  File "/home/airflow/.local/lib/python3.7/site-packages/selenium/webdriver/remote/webdriver.py", line 345, in execute
    self.error_handler.check_response(response)
  File "/home/airflow/.local/lib/python3.7/site-packages/selenium/webdriver/remote/errorhandler.py", line 229, in check_response
    raise exception_class(message, screen, stacktrace)
selenium.common.exceptions.SessionNotCreatedException: Message: Could not start a new session. New session request timed out 
Host info: host: '8f75bdcd2576', ip: '172.20.0.2'
Build info: version: '4.16.1', revision: '9b4c83354e'
System info: os.name: 'Linux', os.arch: 'amd64', os.version: '5.15.133.1-microsoft-standard-WSL2', java.version: '11.0.21'
Driver info: driver.version: unknown
Stacktrace:
    at org.openqa.selenium.grid.sessionqueue.local.LocalNewSessionQueue.addToQueue (LocalNewSessionQueue.java:221)
    at org.openqa.selenium.grid.sessionqueue.NewSessionQueue.lambda$new$0 (NewSessionQueue.java:68)
    at org.openqa.selenium.remote.http.Route$TemplatizedRoute.handle (Route.java:193)
    at org.openqa.selenium.remote.http.Route.execute (Route.java:69)
    at org.openqa.selenium.remote.http.Route$CombinedRoute.handle (Route.java:345)
    at org.openqa.selenium.remote.http.Route.execute (Route.java:69)
    at org.openqa.selenium.grid.sessionqueue.NewSessionQueue.execute (NewSessionQueue.java:128)
    at org.openqa.selenium.remote.tracing.SpanWrappedHttpHandler.execute (SpanWrappedHttpHandler.java:87)
    at org.openqa.selenium.remote.http.Filter$1.execute (Filter.java:63)
    at org.openqa.selenium.remote.http.Route$CombinedRoute.handle (Route.java:345)
    at org.openqa.selenium.remote.http.Route.execute (Route.java:69)
    at org.openqa.selenium.grid.router.Router.execute (Router.java:87)
    at org.openqa.selenium.grid.web.EnsureSpecCompliantResponseHeaders.lambda$apply$0 (EnsureSpecCompliantResponseHeaders.java:34)
    at org.openqa.selenium.remote.http.Filter$1.execute (Filter.java:63)
    at org.openqa.selenium.remote.http.Route$CombinedRoute.handle (Route.java:345)
    at org.openqa.selenium.remote.http.Route.execute (Route.java:69)
    at org.openqa.selenium.remote.http.Route$NestedRoute.handle (Route.java:271)
    at org.openqa.selenium.remote.http.Route.execute (Route.java:69)
    at org.openqa.selenium.remote.http.Route$CombinedRoute.handle (Route.java:345)
    at org.openqa.selenium.remote.http.Route.execute (Route.java:69)
    at org.openqa.selenium.remote.http.Route$CombinedRoute.handle (Route.java:345)
    at org.openqa.selenium.remote.http.Route.execute (Route.java:69)
    at org.openqa.selenium.remote.http.Route$CombinedRoute.handle (Route.java:345)
    at org.openqa.selenium.remote.http.Route.execute (Route.java:69)
    at org.openqa.selenium.remote.http.Route$CombinedRoute.handle (Route.java:345)
    at org.openqa.selenium.remote.http.Route.execute (Route.java:69)
    at org.openqa.selenium.remote.AddWebDriverSpecHeaders.lambda$apply$0 (AddWebDriverSpecHeaders.java:35)
    at org.openqa.selenium.remote.ErrorFilter.lambda$apply$0 (ErrorFilter.java:44)
    at org.openqa.selenium.remote.http.Filter$1.execute (Filter.java:63)
    at org.openqa.selenium.remote.ErrorFilter.lambda$apply$0 (ErrorFilter.java:44)
    at org.openqa.selenium.remote.http.Filter$1.execute (Filter.java:63)
    at org.openqa.selenium.netty.server.SeleniumHandler.lambda$channelRead0$0 (SeleniumHandler.java:44)
    at java.util.concurrent.Executors$RunnableAdapter.call (Executors.java:515)
    at java.util.concurrent.FutureTask.run (FutureTask.java:264)
    at java.util.concurrent.ThreadPoolExecutor.runWorker (ThreadPoolExecutor.java:1128)
    at java.util.concurrent.ThreadPoolExecutor$Worker.run (ThreadPoolExecutor.java:628)
    at java.lang.Thread.run (Thread.java:829)

During handling of the above exception, another exception occurred:

Traceback (most recent call last):
  File "/home/airflow/.local/lib/python3.7/site-packages/airflow/operators/python.py", line 175, in execute
    return_value = self.execute_callable()
  File "/home/airflow/.local/lib/python3.7/site-packages/airflow/operators/python.py", line 192, in execute_callable
    return self.python_callable(*self.op_args, **self.op_kwargs)
  File "/opt/airflow/dags/jobinfo_jobplanet.py", line 199, in jobplanet_login
    return driver
  File "/home/airflow/.local/lib/python3.7/site-packages/selenium/webdriver/remote/webdriver.py", line 220, in __exit__
    self.quit()
  File "/home/airflow/.local/lib/python3.7/site-packages/selenium/webdriver/remote/webdriver.py", line 467, in quit
    self.execute(Command.QUIT)
  File "/home/airflow/.local/lib/python3.7/site-packages/selenium/webdriver/remote/webdriver.py", line 345, in execute
    self.error_handler.check_response(response)
  File "/home/airflow/.local/lib/python3.7/site-packages/selenium/webdriver/remote/errorhandler.py", line 229, in check_response
    raise exception_class(message, screen, stacktrace)
selenium.common.exceptions.WebDriverException: Message: Unable to route (DELETE) /session/4ac275a7fac87896e70aecd456a69e74

[2024-01-14T14:38:49.810+0000] {taskinstance.py:1323} INFO - Marking task as FAILED. dag_id=jobinfo_jobplanet, task_id=jobplanet_login, execution_date=20240114T143317, start_date=20240114T143322, end_date=20240114T143849
[2024-01-14T14:38:49.840+0000] {standard_task_runner.py:105} ERROR - Failed to execute job 516 for task jobplanet_login (Message: Unable to route (DELETE) /session/4ac275a7fac87896e70aecd456a69e74
; 3413)
[2024-01-14T14:38:49.888+0000] {local_task_job.py:208} INFO - Task exited with return code 1
[2024-01-14T14:38:49.917+0000] {taskinstance.py:2578} INFO - 0 downstream tasks scheduled from follow-on schedule check
